<?xml version="1.0" encoding="UTF-8"?>
<testsuite name="ohtu.verkkokauppa.KauppaTest" tests="7" skipped="0" failures="0" errors="0" timestamp="2017-04-23T19:46:54" hostname="LAPTOP-B2IN1GJI" time="1.759">
  <properties/>
  <testcase name="uusiViite" classname="ohtu.verkkokauppa.KauppaTest" time="1.744"/>
  <testcase name="tilisiirto" classname="ohtu.verkkokauppa.KauppaTest" time="0.0"/>
  <testcase name="ostoksenPaaytyttyaPankinMetodiaTilisiirtoKutsutaan" classname="ohtu.verkkokauppa.KauppaTest" time="0.015"/>
  <testcase name="aloitaAsiointi" classname="ohtu.verkkokauppa.KauppaTest" time="0.0"/>
  <testcase name="kaksiTuotetta" classname="ohtu.verkkokauppa.KauppaTest" time="0.0"/>
  <testcase name="kaksiSamaaTuotetta" classname="ohtu.verkkokauppa.KauppaTest" time="0.0"/>
  <testcase name="kaksiTuotettaToinenLoppu" classname="ohtu.verkkokauppa.KauppaTest" time="0.0"/>
  <system-out><![CDATA[]]></system-out>
  <system-err><![CDATA[]]></system-err>
</testsuite>
