<?xml version="1.0" encoding="UTF-8"?>
<testsuite name="ohtuesimerkki.StaticsticsTest" tests="4" skipped="0" failures="0" errors="0" timestamp="2017-03-24T01:20:50" hostname="LAPTOP-B2IN1GJI" time="0.0">
  <properties/>
  <testcase name="pelaajaEiListalla" classname="ohtuesimerkki.StaticsticsTest" time="0.0"/>
  <testcase name="listaltaEnitenPisteita" classname="ohtuesimerkki.StaticsticsTest" time="0.0"/>
  <testcase name="pelaajaOnListalla" classname="ohtuesimerkki.StaticsticsTest" time="0.0"/>
  <testcase name="tiimissaPelaajia" classname="ohtuesimerkki.StaticsticsTest" time="0.0"/>
  <system-out><![CDATA[]]></system-out>
  <system-err><![CDATA[]]></system-err>
</testsuite>
