<?xml version="1.0" encoding="UTF-8"?>
<testsuite name="ohtu.lyyrakortti.KassapaateTest" tests="4" skipped="0" failures="0" errors="0" timestamp="2017-04-23T19:07:19" hostname="LAPTOP-B2IN1GJI" time="1.455">
  <properties/>
  <testcase name="kortiltaVelotetaanHintaJosRahaaOn" classname="ohtu.lyyrakortti.KassapaateTest" time="1.455"/>
  <testcase name="eiLadataRahaaJosSummaOnNegatiivinen" classname="ohtu.lyyrakortti.KassapaateTest" time="0.0"/>
  <testcase name="ladataanRahaJosSummaOnPositiivinen" classname="ohtu.lyyrakortti.KassapaateTest" time="0.0"/>
  <testcase name="kortiltaEiVelotetaJosRahaEiRiita" classname="ohtu.lyyrakortti.KassapaateTest" time="0.0"/>
  <system-out><![CDATA[]]></system-out>
  <system-err><![CDATA[]]></system-err>
</testsuite>
