<?xml version="1.0" encoding="UTF-8"?>
<testsuite name="ohtuesimerkki.StaticsticsTest" tests="4" skipped="0" failures="0" errors="0" timestamp="2017-03-26T20:16:50" hostname="LAPTOP-B2IN1GJI" time="0.016">
  <properties/>
  <testcase name="pelaajaLoytyy" classname="ohtuesimerkki.StaticsticsTest" time="0.0"/>
  <testcase name="enitenPinnoja" classname="ohtuesimerkki.StaticsticsTest" time="0.0"/>
  <testcase name="pelaajaEiLoytyy" classname="ohtuesimerkki.StaticsticsTest" time="0.016"/>
  <testcase name="joukkueenKoko" classname="ohtuesimerkki.StaticsticsTest" time="0.0"/>
  <system-out><![CDATA[]]></system-out>
  <system-err><![CDATA[]]></system-err>
</testsuite>
