<?xml version="1.0" encoding="UTF-8"?>
<testsuite name="Scenario: creation fails with correct username and too short password" tests="4" skipped="0" failures="2" errors="0" timestamp="2017-04-02T20:48:12" hostname="LAPTOP-B2IN1GJI" time="0.0">
  <properties/>
  <testcase name="Given command new user is selected" classname="Scenario: creation fails with correct username and too short password" time="0.0"/>
  <testcase name="When username &quot;poop&quot; and password &quot;poop&quot; are entered" classname="Scenario: creation fails with correct username and too short password" time="0.0"/>
  <testcase name="Then system will respond with &quot;new user not registered&quot;" classname="Scenario: creation fails with correct username and too short password" time="0.0">
    <failure message="java.lang.AssertionError" type="java.lang.AssertionError">java.lang.AssertionError
	at org.junit.Assert.fail(Assert.java:86)
	at org.junit.Assert.assertTrue(Assert.java:41)
	at org.junit.Assert.assertTrue(Assert.java:52)
	at ohtu.Stepdefs.system_will_respond_with(Stepdefs.java:38)
	at ✽.Then system will respond with &quot;new user not registered&quot;(ohtu/new_user.feature:11)
</failure>
  </testcase>
  <testcase name="classMethod" classname="Scenario: creation fails with correct username and too short password" time="0.0">
    <failure message="java.lang.AssertionError" type="java.lang.AssertionError">java.lang.AssertionError
	at org.junit.Assert.fail(Assert.java:86)
	at org.junit.Assert.assertTrue(Assert.java:41)
	at org.junit.Assert.assertTrue(Assert.java:52)
	at ohtu.Stepdefs.system_will_respond_with(Stepdefs.java:38)
	at ✽.Then system will respond with &quot;new user not registered&quot;(ohtu/new_user.feature:11)
</failure>
  </testcase>
  <system-out><![CDATA[
  Scenario: creation succesful with correct username and password ?[90m# ohtu/new_user.feature:3?[0m
    ?[32mGiven ?[0m?[32mcommand new user is selected?[0m                            ?[90m# Stepdefs.command_new_user_is_selected()?[0m
    ?[32mWhen ?[0m?[32musername "?[0m?[32m?[1mkukka?[0m?[32m" and password "?[0m?[32m?[1mheppa?[0m?[32m" are entered?[0m        ?[90m# Stepdefs.a_username_and_password_are_entered(String,String)?[0m
    ?[32mThen ?[0m?[32msystem will respond with "?[0m?[32m?[1mnew user registered?[0m?[32m"?[0m           ?[90m# Stepdefs.system_will_respond_with(String)?[0m
]]></system-out>
  <system-err><![CDATA[]]></system-err>
</testsuite>
