<?xml version="1.0" encoding="UTF-8"?>
<testsuite name="Scenario: can login with succesfully generated account" tests="5" skipped="0" failures="0" errors="0" timestamp="2017-04-02T20:48:12" hostname="LAPTOP-B2IN1GJI" time="0.016">
  <properties/>
  <testcase name="Given user &quot;kukkanen&quot; with password &quot;abc&quot; is created" classname="Scenario: can login with succesfully generated account" time="0.0"/>
  <testcase name="And command login is selected" classname="Scenario: can login with succesfully generated account" time="0.0"/>
  <testcase name="When username &quot;kukkanen&quot; and password &quot;abc&quot; are entered" classname="Scenario: can login with succesfully generated account" time="0.0"/>
  <testcase name="Then system will respond with &quot;logged in&quot;" classname="Scenario: can login with succesfully generated account" time="0.0"/>
  <testcase name="classMethod" classname="Scenario: can login with succesfully generated account" time="0.016"/>
  <system-out><![CDATA[
  Scenario: creation fails with already taken username and valid pasword ?[90m# ohtu/new_user.feature:23?[0m
    ?[32mGiven ?[0m?[32mcommand new user is selected?[0m                                   ?[90m# Stepdefs.command_new_user_is_selected()?[0m
    ?[32mWhen ?[0m?[32muser "?[0m?[32m?[1muser?[0m?[32m" with password "?[0m?[32m?[1muser?[0m?[32m" is created?[0m                     ?[90m# Stepdefs.user_with_password_is_created(String,String)?[0m
    ?[32mAnd ?[0m?[32mcommand new user is selected?[0m                                     ?[90m# Stepdefs.command_new_user_is_selected()?[0m
    ?[32mAnd ?[0m?[32musername "?[0m?[32m?[1muser?[0m?[32m" and password "?[0m?[32m?[1muser?[0m?[32m" are entered?[0m                  ?[90m# Stepdefs.a_username_and_password_are_entered(String,String)?[0m
    ?[31mThen ?[0m?[31msystem will respond with "?[0m?[31m?[1mnew user not registered?[0m?[31m"?[0m              ?[90m# Stepdefs.system_will_respond_with(String)?[0m
      ?[31mjava.lang.AssertionError
      	at org.junit.Assert.fail(Assert.java:86)
      	at org.junit.Assert.assertTrue(Assert.java:41)
      	at org.junit.Assert.assertTrue(Assert.java:52)
      	at ohtu.Stepdefs.system_will_respond_with(Stepdefs.java:38)
      	at ?.Then system will respond with "new user not registered"(ohtu/new_user.feature:28)
      ?[0m
]]></system-out>
  <system-err><![CDATA[]]></system-err>
</testsuite>
