<?xml version="1.0" encoding="UTF-8"?>
<testsuite name="ohtu.RunCukesTest" tests="0" skipped="0" failures="0" errors="0" timestamp="1970-01-01T00:00:00" hostname="LAPTOP-B2IN1GJI" time="0.0">
  <properties/>
  <system-out><![CDATA[Feature: User can log in with valid username/password-combination

  Scenario: nonexistent user can not login to                  ?[90m# ohtu/login.feature:13?[0m
    ?[32mGiven ?[0m?[32mcommand login is selected?[0m                            ?[90m# Stepdefs.command_login_selected()?[0m
    ?[32mWhen ?[0m?[32musername "?[0m?[32m?[1mpekka?[0m?[32m" and password "?[0m?[32m?[1masd?[0m?[32m" are entered?[0m       ?[90m# Stepdefs.a_username_and_password_are_entered(String,String)?[0m
    ?[32mThen ?[0m?[32msystem will respond with "?[0m?[32m?[1mwrong username or password?[0m?[32m"?[0m ?[90m# Stepdefs.system_will_respond_with(String)?[0m
Feature: A new user account can be created if a proper unused username and password are given

  Scenario: can not login with account that is not succesfully created ?[90m# ohtu/new_user.feature:36?[0m
    ?[32mGiven ?[0m?[32muser "?[0m?[32m?[1mpiipaa?[0m?[32m" with password "?[0m?[32m?[1mpoop?[0m?[32m" is created?[0m                ?[90m# Stepdefs.user_with_password_is_created(String,String)?[0m
    ?[32mAnd ?[0m?[32mcommand login is selected?[0m                                      ?[90m# Stepdefs.command_login_selected()?[0m
    ?[32mWhen ?[0m?[32musername "?[0m?[32m?[1mpfhff?[0m?[32m" and password "?[0m?[32m?[1mfdfgdg?[0m?[32m" are entered?[0m            ?[90m# Stepdefs.a_username_and_password_are_entered(String,String)?[0m
    ?[32mThen ?[0m?[32msystem will respond with "?[0m?[32m?[1mwrong username or password?[0m?[32m"?[0m         ?[90m# Stepdefs.system_will_respond_with(String)?[0m

?[31mFailed scenarios:?[0m
?[31mohtu/new_user.feature:8 ?[0m# Scenario: creation fails with correct username and too short password
?[31mohtu/new_user.feature:13 ?[0m# Scenario: creation fails with correct username and password consisting of letters
?[31mohtu/new_user.feature:18 ?[0m# Scenario: creation fails with too short username and valid passord
?[31mohtu/new_user.feature:23 ?[0m# Scenario: creation fails with already taken username and valid pasword

10 Scenarios (?[31m4 failed?[0m, ?[32m6 passed?[0m)
34 Steps (?[31m4 failed?[0m, ?[32m30 passed?[0m)
0m0,367s

java.lang.AssertionError
	at org.junit.Assert.fail(Assert.java:86)
	at org.junit.Assert.assertTrue(Assert.java:41)
	at org.junit.Assert.assertTrue(Assert.java:52)
	at ohtu.Stepdefs.system_will_respond_with(Stepdefs.java:38)
	at ?.Then system will respond with "new user not registered"(ohtu/new_user.feature:11)

java.lang.AssertionError
	at org.junit.Assert.fail(Assert.java:86)
	at org.junit.Assert.assertTrue(Assert.java:41)
	at org.junit.Assert.assertTrue(Assert.java:52)
	at ohtu.Stepdefs.system_will_respond_with(Stepdefs.java:38)
	at ?.Then system will respond with "new user not registered"(ohtu/new_user.feature:16)

java.lang.AssertionError
	at org.junit.Assert.fail(Assert.java:86)
	at org.junit.Assert.assertTrue(Assert.java:41)
	at org.junit.Assert.assertTrue(Assert.java:52)
	at ohtu.Stepdefs.system_will_respond_with(Stepdefs.java:38)
	at ?.Then system will respond with "new user not registered"(ohtu/new_user.feature:21)

java.lang.AssertionError
	at org.junit.Assert.fail(Assert.java:86)
	at org.junit.Assert.assertTrue(Assert.java:41)
	at org.junit.Assert.assertTrue(Assert.java:52)
	at ohtu.Stepdefs.system_will_respond_with(Stepdefs.java:38)
	at ?.Then system will respond with "new user not registered"(ohtu/new_user.feature:28)

]]></system-out>
  <system-err><![CDATA[]]></system-err>
</testsuite>
