<?xml version="1.0" encoding="UTF-8"?>
<testsuite name="Scenario: creation succesful with correct username and password" tests="4" skipped="0" failures="0" errors="0" timestamp="2017-04-02T20:48:12" hostname="LAPTOP-B2IN1GJI" time="0.016">
  <properties/>
  <testcase name="Given command new user is selected" classname="Scenario: creation succesful with correct username and password" time="0.0"/>
  <testcase name="When username &quot;kukka&quot; and password &quot;heppa&quot; are entered" classname="Scenario: creation succesful with correct username and password" time="0.0"/>
  <testcase name="Then system will respond with &quot;new user registered&quot;" classname="Scenario: creation succesful with correct username and password" time="0.0"/>
  <testcase name="classMethod" classname="Scenario: creation succesful with correct username and password" time="0.016"/>
  <system-out><![CDATA[]]></system-out>
  <system-err><![CDATA[]]></system-err>
</testsuite>
